<?xml version="1.0" encoding="UTF-8"?>
<!-- Generated by org.testng.reporters.JUnitReportReporter -->
<testsuite hostname="IN026-LAB-0128" failures="0" tests="1" name="demo" time="0.008" errors="0" timestamp="2023-10-02T16:09:56 IST" skipped="0">
  <testcase classname="demo" name="demo2" time="0.008"/>
</testsuite> <!-- demo -->
